C:\Program Files (x86)\Microsoft Visual Studio\2019\Community\MSBuild\Microsoft\VC\v160\Microsoft.CppBuild.targets(513,5): warning MSB8028: El directorio intermedio (Debug\) contiene archivos compartidos de otro proyecto (Practica_1.vcxproj). Esto puede dar lugar a un comportamiento incorrecto de limpieza y recompilación.
  main.cpp
D:\UNIVERSIDAD\2022-1\6_GRÁFICA_LAB\ENTREGA PROYECTO\313291388_PROYECTO_GPO12\Limpio\CowardDogHouse\CowardDogHouse\main.cpp(252,30): warning C4244: 'inicializando': conversión de 'double' a 'GLfloat'; posible pérdida de datos
D:\UNIVERSIDAD\2022-1\6_GRÁFICA_LAB\ENTREGA PROYECTO\313291388_PROYECTO_GPO12\Limpio\CowardDogHouse\CowardDogHouse\main.cpp(222,38): warning C4101: 'nrChannels': variable local sin referencia
D:\UNIVERSIDAD\2022-1\6_GRÁFICA_LAB\ENTREGA PROYECTO\313291388_PROYECTO_GPO12\Limpio\CowardDogHouse\CowardDogHouse\main.cpp(222,9): warning C4101: 'textureWidth': variable local sin referencia
D:\UNIVERSIDAD\2022-1\6_GRÁFICA_LAB\ENTREGA PROYECTO\313291388_PROYECTO_GPO12\Limpio\CowardDogHouse\CowardDogHouse\main.cpp(224,20): warning C4101: 'image': variable local sin referencia
D:\UNIVERSIDAD\2022-1\6_GRÁFICA_LAB\ENTREGA PROYECTO\313291388_PROYECTO_GPO12\Limpio\CowardDogHouse\CowardDogHouse\main.cpp(222,23): warning C4101: 'textureHeight': variable local sin referencia
D:\UNIVERSIDAD\2022-1\6_GRÁFICA_LAB\ENTREGA PROYECTO\313291388_PROYECTO_GPO12\Limpio\CowardDogHouse\CowardDogHouse\main.cpp(586,20): warning C4477: 'printf' : la cadena de formato '%d' requiere un argumento de tipo 'int', pero el argumento variádico 1 tiene el tipo 'double'
D:\UNIVERSIDAD\2022-1\6_GRÁFICA_LAB\ENTREGA PROYECTO\313291388_PROYECTO_GPO12\Limpio\CowardDogHouse\CowardDogHouse\main.cpp(669,17): warning C4244: '=': conversión de 'double' a 'GLfloat'; posible pérdida de datos
D:\UNIVERSIDAD\2022-1\6_GRÁFICA_LAB\ENTREGA PROYECTO\313291388_PROYECTO_GPO12\Limpio\CowardDogHouse\CowardDogHouse\main.cpp(670,17): warning C4244: '=': conversión de 'double' a 'GLfloat'; posible pérdida de datos
D:\UNIVERSIDAD\2022-1\6_GRÁFICA_LAB\ENTREGA PROYECTO\313291388_PROYECTO_GPO12\Limpio\CowardDogHouse\CowardDogHouse\main.cpp(674,21): warning C4244: 'inicializando': conversión de 'double' a 'GLfloat'; posible pérdida de datos
D:\UNIVERSIDAD\2022-1\6_GRÁFICA_LAB\ENTREGA PROYECTO\313291388_PROYECTO_GPO12\Limpio\CowardDogHouse\CowardDogHouse\main.cpp(675,21): warning C4244: 'inicializando': conversión de 'double' a 'GLfloat'; posible pérdida de datos
D:\UNIVERSIDAD\2022-1\6_GRÁFICA_LAB\ENTREGA PROYECTO\313291388_PROYECTO_GPO12\Limpio\CowardDogHouse\CowardDogHouse\main.cpp(677,13): warning C4244: '=': conversión de 'double' a 'GLfloat'; posible pérdida de datos
D:\UNIVERSIDAD\2022-1\6_GRÁFICA_LAB\ENTREGA PROYECTO\313291388_PROYECTO_GPO12\Limpio\CowardDogHouse\CowardDogHouse\main.cpp(678,13): warning C4244: '=': conversión de 'double' a 'GLfloat'; posible pérdida de datos
LINK : warning LNK4098: la biblioteca predeterminada'MSVCRT' entra en conflicto con otras bibliotecas; use la biblioteca /NODEFAULTLIB:biblioteca
soil2-debug.lib(etc1_utils.obj) : warning LNK4099: no se encontró PDB 'soil2-debug.pdb' con 'soil2-debug.lib(etc1_utils.obj)' o en 'D:\UNIVERSIDAD\2022-1\6_GRÁFICA_LAB\ENTREGA PROYECTO\313291388_PROYECTO_GPO12\Limpio\CowardDogHouse\Debug\soil2-debug.pdb'; se vinculará el objeto sin tener en cuenta información de depuración
soil2-debug.lib(image_DXT.obj) : warning LNK4099: no se encontró PDB 'soil2-debug.pdb' con 'soil2-debug.lib(image_DXT.obj)' o en 'D:\UNIVERSIDAD\2022-1\6_GRÁFICA_LAB\ENTREGA PROYECTO\313291388_PROYECTO_GPO12\Limpio\CowardDogHouse\Debug\soil2-debug.pdb'; se vinculará el objeto sin tener en cuenta información de depuración
soil2-debug.lib(image_helper.obj) : warning LNK4099: no se encontró PDB 'soil2-debug.pdb' con 'soil2-debug.lib(image_helper.obj)' o en 'D:\UNIVERSIDAD\2022-1\6_GRÁFICA_LAB\ENTREGA PROYECTO\313291388_PROYECTO_GPO12\Limpio\CowardDogHouse\Debug\soil2-debug.pdb'; se vinculará el objeto sin tener en cuenta información de depuración
soil2-debug.lib(SOIL2.obj) : warning LNK4099: no se encontró PDB 'soil2-debug.pdb' con 'soil2-debug.lib(SOIL2.obj)' o en 'D:\UNIVERSIDAD\2022-1\6_GRÁFICA_LAB\ENTREGA PROYECTO\313291388_PROYECTO_GPO12\Limpio\CowardDogHouse\Debug\soil2-debug.pdb'; se vinculará el objeto sin tener en cuenta información de depuración
  CowardDogHouse.vcxproj -> D:\UNIVERSIDAD\2022-1\6_GRÁFICA_LAB\ENTREGA PROYECTO\313291388_PROYECTO_GPO12\Limpio\CowardDogHouse\Debug\CowardDogHouse.exe
